<?xml version="1.0" encoding="UTF-8"?>
<testsuite xmlns:xsi="http://www.w3.org/2001/XMLSchema-instance" xsi:noNamespaceSchemaLocation="https://maven.apache.org/surefire/maven-surefire-plugin/xsd/surefire-test-report-3.0.xsd" version="3.0" name="com.example.RunCucumberTest" time="10.765" tests="2" errors="0" skipped="0" failures="0">
  <properties>
[...]
</properties>
  <testcase name="Abrir modal de DARF com sucesso" classname="Preenchimento de DARF" time="7.431">
    <system-out><![CDATA[
@darf
CenÃ¡rio: Abrir modal de DARF com sucesso                &amp#27;[90m# src/test/resources/features/preencherDarf.feature:5&amp#27;[0m
Iniciando um novo cenário de teste e preparando a tela
[log] CLICK on L[650,743]@S(0) (580 msec)
Passo: 'Dado' Tela inicial do Sicalc exibida
  &amp#27;[32mDado &amp#27;[0m&amp#27;[32mque a tela inicial do Sicalc Ã© exibida&amp#27;[0m           &amp#27;[90m# com.example.steps.SicalcStepDefinition.que_a_tela_inicial_do_Sicalc_Ã©_exibida()&amp#27;[0m
[log] CLICK on L[686,471]@S(0) (570 msec)
Passo: 'Quando' Botão de continuar clicado
  &amp#27;[32mQuando &amp#27;[0m&amp#27;[32meu clico no botÃ£o de continuar&amp#27;[0m                 &amp#27;[90m# com.example.steps.SicalcStepDefinition.eu_clico_no_botÃ£o_de_continuar()&amp#27;[0m
[log] CLICK on L[131,39]@S(0) (574 msec)
Passo: 'E' Menu de funções clicado
  &amp#27;[32mE &amp#27;[0m&amp#27;[32mclico no menu de funÃ§Ãµes&amp#27;[0m                            &amp#27;[90m# com.example.steps.SicalcStepDefinition.clico_no_menu_de_funÃ§Ãµes()&amp#27;[0m
[log] CLICK on L[244,75]@S(0) (574 msec)
Passo: 'E' Opção de preenchimento de DARF selecionada
  &amp#27;[32mE &amp#27;[0m&amp#27;[32mseleciono a opÃ§Ã£o de preenchimento de DARF&amp#27;[0m          &amp#27;[90m# com.example.steps.SicalcStepDefinition.seleciono_a_opÃ§Ã£o_de_preenchimento_de_DARF()&amp#27;[0m
Passo: 'Então' Modal verificado com sucesso: Preenchimento de DARF
  &amp#27;[32mEntÃ£o &amp#27;[0m&amp#27;[32mdeve abrir o modal para &amp#27;[0m&amp#27;[32m&amp#27;[1m"Preenchimento de DARF"&amp#27;[0m &amp#27;[90m# com.example.steps.SicalcStepDefinition.deve_abrir_o_modal_para(java.lang.String)&amp#27;[0m
]]></system-out>
  </testcase>
  <testcase name="Preencher o código da receita de Darf com sucesso" classname="Preenchimento de DARF" time="2.67">
    <system-out><![CDATA[
@darf
CenÃ¡rio: Preencher o cÃ³digo da receita de Darf com sucesso &amp#27;[90m# src/test/resources/features/preencherDarf.feature:13&amp#27;[0m
Iniciando um novo cenário de teste e preparando a tela
Passo: 'Dado' Modal de preenchimento de DARF está aberto
  &amp#27;[32mDado &amp#27;[0m&amp#27;[32mque o modal de preenchimento de DARF estÃ¡ aberto&amp#27;[0m    &amp#27;[90m# com.example.steps.SicalcStepDefinition.que_o_modal_de_preenchimento_de_DARF_estÃ¡_aberto()&amp#27;[0m
[log] CLICK on L[947,281]@S(0) (579 msec)
[log]  TYPE "5629"
Passo: 'Quando' Campo Cod Receita preenchido com: 5629
  &amp#27;[32mQuando &amp#27;[0m&amp#27;[32meu preencho o campo Cod Receita com &amp#27;[0m&amp#27;[32m&amp#27;[1m"5629"&amp#27;[0m        &amp#27;[90m# com.example.steps.SicalcStepDefinition.eu_preencho_o_campo_Cod_Receita_com(java.lang.String)&amp#27;[0m
[log] CLICK on L[489,232]@S(0) (560 msec)
Passo: 'E' Próximo campo clicado
  &amp#27;[32mE &amp#27;[0m&amp#27;[32mclico no prÃ³ximo campo&amp#27;[0m                                 &amp#27;[90m# com.example.steps.SicalcStepDefinition.clico_no_prÃ³ximo_campo()&amp#27;[0m
Passo: 'Então' Modal de cálculo para pagamento verificado com sucesso
  &amp#27;[32mEntÃ£o &amp#27;[0m&amp#27;[32mo modal de calculo para pagamento Ã© aberto&amp#27;[0m         &amp#27;[90m# com.example.steps.SicalcStepDefinition.o_modal_de_calculo_para_pagamento_Ã©_aberto()&amp#27;[0m
]]></system-out>
  </testcase>
</testsuite>